Started GET "/" for 127.0.0.1 at 2017-07-26 00:03:35 -0700
  
ActiveRecord::PendingMigrationError (

Migrations are pending. To resolve this issue, run:

        bin/rails db:migrate RAILS_ENV=development

):
  
activerecord (5.0.3) lib/active_record/migration.rb:573:in `check_pending!'
activerecord (5.0.3) lib/active_record/migration.rb:549:in `call'
actionpack (5.0.3) lib/action_dispatch/middleware/callbacks.rb:38:in `block in call'
activesupport (5.0.3) lib/active_support/callbacks.rb:97:in `__run_callbacks__'
activesupport (5.0.3) lib/active_support/callbacks.rb:750:in `_run_call_callbacks'
activesupport (5.0.3) lib/active_support/callbacks.rb:90:in `run_callbacks'
actionpack (5.0.3) lib/action_dispatch/middleware/callbacks.rb:36:in `call'
actionpack (5.0.3) lib/action_dispatch/middleware/executor.rb:12:in `call'
actionpack (5.0.3) lib/action_dispatch/middleware/remote_ip.rb:79:in `call'
actionpack (5.0.3) lib/action_dispatch/middleware/debug_exceptions.rb:49:in `call'
web-console (3.5.1) lib/web_console/middleware.rb:135:in `call_app'
web-console (3.5.1) lib/web_console/middleware.rb:28:in `block in call'
web-console (3.5.1) lib/web_console/middleware.rb:18:in `catch'
web-console (3.5.1) lib/web_console/middleware.rb:18:in `call'
actionpack (5.0.3) lib/action_dispatch/middleware/show_exceptions.rb:31:in `call'
railties (5.0.3) lib/rails/rack/logger.rb:36:in `call_app'
railties (5.0.3) lib/rails/rack/logger.rb:24:in `block in call'
activesupport (5.0.3) lib/active_support/tagged_logging.rb:69:in `block in tagged'
activesupport (5.0.3) lib/active_support/tagged_logging.rb:26:in `tagged'
activesupport (5.0.3) lib/active_support/tagged_logging.rb:69:in `tagged'
railties (5.0.3) lib/rails/rack/logger.rb:24:in `call'
sprockets-rails (3.2.0) lib/sprockets/rails/quiet_assets.rb:13:in `call'
actionpack (5.0.3) lib/action_dispatch/middleware/request_id.rb:24:in `call'
rack (2.0.3) lib/rack/method_override.rb:22:in `call'
rack (2.0.3) lib/rack/runtime.rb:22:in `call'
activesupport (5.0.3) lib/active_support/cache/strategy/local_cache_middleware.rb:28:in `call'
actionpack (5.0.3) lib/action_dispatch/middleware/executor.rb:12:in `call'
actionpack (5.0.3) lib/action_dispatch/middleware/static.rb:136:in `call'
rack (2.0.3) lib/rack/sendfile.rb:111:in `call'
railties (5.0.3) lib/rails/engine.rb:522:in `call'
puma (3.9.1) lib/puma/configuration.rb:224:in `call'
puma (3.9.1) lib/puma/server.rb:602:in `handle_request'
puma (3.9.1) lib/puma/server.rb:435:in `process_client'
puma (3.9.1) lib/puma/server.rb:299:in `block in run'
puma (3.9.1) lib/puma/thread_pool.rb:120:in `block in spawn_thread'
  Rendering /home/djtrin1ty/.rvm/gems/ruby-2.4.1/gems/actionpack-5.0.3/lib/action_dispatch/middleware/templates/rescues/diagnostics.html.erb within rescues/layout
  Rendering /home/djtrin1ty/.rvm/gems/ruby-2.4.1/gems/actionpack-5.0.3/lib/action_dispatch/middleware/templates/rescues/_source.html.erb
  Rendered /home/djtrin1ty/.rvm/gems/ruby-2.4.1/gems/actionpack-5.0.3/lib/action_dispatch/middleware/templates/rescues/_source.html.erb (2.8ms)
  Rendering /home/djtrin1ty/.rvm/gems/ruby-2.4.1/gems/actionpack-5.0.3/lib/action_dispatch/middleware/templates/rescues/_trace.html.erb
  Rendered /home/djtrin1ty/.rvm/gems/ruby-2.4.1/gems/actionpack-5.0.3/lib/action_dispatch/middleware/templates/rescues/_trace.html.erb (2.8ms)
  Rendering /home/djtrin1ty/.rvm/gems/ruby-2.4.1/gems/actionpack-5.0.3/lib/action_dispatch/middleware/templates/rescues/_request_and_response.html.erb
  Rendered /home/djtrin1ty/.rvm/gems/ruby-2.4.1/gems/actionpack-5.0.3/lib/action_dispatch/middleware/templates/rescues/_request_and_response.html.erb (1.0ms)
  Rendered /home/djtrin1ty/.rvm/gems/ruby-2.4.1/gems/actionpack-5.0.3/lib/action_dispatch/middleware/templates/rescues/diagnostics.html.erb within rescues/layout (39.1ms)
Started GET "/" for 127.0.0.1 at 2017-07-26 00:06:30 -0700
  
ActiveRecord::PendingMigrationError (

Migrations are pending. To resolve this issue, run:

        bin/rails db:migrate RAILS_ENV=development

):
  
activerecord (5.0.3) lib/active_record/migration.rb:573:in `check_pending!'
activerecord (5.0.3) lib/active_record/migration.rb:549:in `call'
actionpack (5.0.3) lib/action_dispatch/middleware/callbacks.rb:38:in `block in call'
activesupport (5.0.3) lib/active_support/callbacks.rb:97:in `__run_callbacks__'
activesupport (5.0.3) lib/active_support/callbacks.rb:750:in `_run_call_callbacks'
activesupport (5.0.3) lib/active_support/callbacks.rb:90:in `run_callbacks'
actionpack (5.0.3) lib/action_dispatch/middleware/callbacks.rb:36:in `call'
actionpack (5.0.3) lib/action_dispatch/middleware/executor.rb:12:in `call'
actionpack (5.0.3) lib/action_dispatch/middleware/remote_ip.rb:79:in `call'
actionpack (5.0.3) lib/action_dispatch/middleware/debug_exceptions.rb:49:in `call'
web-console (3.5.1) lib/web_console/middleware.rb:135:in `call_app'
web-console (3.5.1) lib/web_console/middleware.rb:28:in `block in call'
web-console (3.5.1) lib/web_console/middleware.rb:18:in `catch'
web-console (3.5.1) lib/web_console/middleware.rb:18:in `call'
actionpack (5.0.3) lib/action_dispatch/middleware/show_exceptions.rb:31:in `call'
railties (5.0.3) lib/rails/rack/logger.rb:36:in `call_app'
railties (5.0.3) lib/rails/rack/logger.rb:24:in `block in call'
activesupport (5.0.3) lib/active_support/tagged_logging.rb:69:in `block in tagged'
activesupport (5.0.3) lib/active_support/tagged_logging.rb:26:in `tagged'
activesupport (5.0.3) lib/active_support/tagged_logging.rb:69:in `tagged'
railties (5.0.3) lib/rails/rack/logger.rb:24:in `call'
sprockets-rails (3.2.0) lib/sprockets/rails/quiet_assets.rb:13:in `call'
actionpack (5.0.3) lib/action_dispatch/middleware/request_id.rb:24:in `call'
rack (2.0.3) lib/rack/method_override.rb:22:in `call'
rack (2.0.3) lib/rack/runtime.rb:22:in `call'
activesupport (5.0.3) lib/active_support/cache/strategy/local_cache_middleware.rb:28:in `call'
actionpack (5.0.3) lib/action_dispatch/middleware/executor.rb:12:in `call'
actionpack (5.0.3) lib/action_dispatch/middleware/static.rb:136:in `call'
rack (2.0.3) lib/rack/sendfile.rb:111:in `call'
railties (5.0.3) lib/rails/engine.rb:522:in `call'
puma (3.9.1) lib/puma/configuration.rb:224:in `call'
puma (3.9.1) lib/puma/server.rb:602:in `handle_request'
puma (3.9.1) lib/puma/server.rb:435:in `process_client'
puma (3.9.1) lib/puma/server.rb:299:in `block in run'
puma (3.9.1) lib/puma/thread_pool.rb:120:in `block in spawn_thread'
  Rendering /home/djtrin1ty/.rvm/gems/ruby-2.4.1/gems/actionpack-5.0.3/lib/action_dispatch/middleware/templates/rescues/diagnostics.html.erb within rescues/layout
  Rendering /home/djtrin1ty/.rvm/gems/ruby-2.4.1/gems/actionpack-5.0.3/lib/action_dispatch/middleware/templates/rescues/_source.html.erb
  Rendered /home/djtrin1ty/.rvm/gems/ruby-2.4.1/gems/actionpack-5.0.3/lib/action_dispatch/middleware/templates/rescues/_source.html.erb (3.1ms)
  Rendering /home/djtrin1ty/.rvm/gems/ruby-2.4.1/gems/actionpack-5.0.3/lib/action_dispatch/middleware/templates/rescues/_trace.html.erb
  Rendered /home/djtrin1ty/.rvm/gems/ruby-2.4.1/gems/actionpack-5.0.3/lib/action_dispatch/middleware/templates/rescues/_trace.html.erb (1.1ms)
  Rendering /home/djtrin1ty/.rvm/gems/ruby-2.4.1/gems/actionpack-5.0.3/lib/action_dispatch/middleware/templates/rescues/_request_and_response.html.erb
  Rendered /home/djtrin1ty/.rvm/gems/ruby-2.4.1/gems/actionpack-5.0.3/lib/action_dispatch/middleware/templates/rescues/_request_and_response.html.erb (1.3ms)
  Rendered /home/djtrin1ty/.rvm/gems/ruby-2.4.1/gems/actionpack-5.0.3/lib/action_dispatch/middleware/templates/rescues/diagnostics.html.erb within rescues/layout (26.8ms)
Started GET "/" for 127.0.0.1 at 2017-07-26 00:06:34 -0700
  
ActiveRecord::PendingMigrationError (

Migrations are pending. To resolve this issue, run:

        bin/rails db:migrate RAILS_ENV=development

):
  
activerecord (5.0.3) lib/active_record/migration.rb:573:in `check_pending!'
activerecord (5.0.3) lib/active_record/migration.rb:549:in `call'
actionpack (5.0.3) lib/action_dispatch/middleware/callbacks.rb:38:in `block in call'
activesupport (5.0.3) lib/active_support/callbacks.rb:97:in `__run_callbacks__'
activesupport (5.0.3) lib/active_support/callbacks.rb:750:in `_run_call_callbacks'
activesupport (5.0.3) lib/active_support/callbacks.rb:90:in `run_callbacks'
actionpack (5.0.3) lib/action_dispatch/middleware/callbacks.rb:36:in `call'
actionpack (5.0.3) lib/action_dispatch/middleware/executor.rb:12:in `call'
actionpack (5.0.3) lib/action_dispatch/middleware/remote_ip.rb:79:in `call'
actionpack (5.0.3) lib/action_dispatch/middleware/debug_exceptions.rb:49:in `call'
web-console (3.5.1) lib/web_console/middleware.rb:135:in `call_app'
web-console (3.5.1) lib/web_console/middleware.rb:28:in `block in call'
web-console (3.5.1) lib/web_console/middleware.rb:18:in `catch'
web-console (3.5.1) lib/web_console/middleware.rb:18:in `call'
actionpack (5.0.3) lib/action_dispatch/middleware/show_exceptions.rb:31:in `call'
railties (5.0.3) lib/rails/rack/logger.rb:36:in `call_app'
railties (5.0.3) lib/rails/rack/logger.rb:24:in `block in call'
activesupport (5.0.3) lib/active_support/tagged_logging.rb:69:in `block in tagged'
activesupport (5.0.3) lib/active_support/tagged_logging.rb:26:in `tagged'
activesupport (5.0.3) lib/active_support/tagged_logging.rb:69:in `tagged'
railties (5.0.3) lib/rails/rack/logger.rb:24:in `call'
sprockets-rails (3.2.0) lib/sprockets/rails/quiet_assets.rb:13:in `call'
actionpack (5.0.3) lib/action_dispatch/middleware/request_id.rb:24:in `call'
rack (2.0.3) lib/rack/method_override.rb:22:in `call'
rack (2.0.3) lib/rack/runtime.rb:22:in `call'
activesupport (5.0.3) lib/active_support/cache/strategy/local_cache_middleware.rb:28:in `call'
actionpack (5.0.3) lib/action_dispatch/middleware/executor.rb:12:in `call'
actionpack (5.0.3) lib/action_dispatch/middleware/static.rb:136:in `call'
rack (2.0.3) lib/rack/sendfile.rb:111:in `call'
railties (5.0.3) lib/rails/engine.rb:522:in `call'
puma (3.9.1) lib/puma/configuration.rb:224:in `call'
puma (3.9.1) lib/puma/server.rb:602:in `handle_request'
puma (3.9.1) lib/puma/server.rb:435:in `process_client'
puma (3.9.1) lib/puma/server.rb:299:in `block in run'
puma (3.9.1) lib/puma/thread_pool.rb:120:in `block in spawn_thread'
  Rendering /home/djtrin1ty/.rvm/gems/ruby-2.4.1/gems/actionpack-5.0.3/lib/action_dispatch/middleware/templates/rescues/diagnostics.html.erb within rescues/layout
  Rendering /home/djtrin1ty/.rvm/gems/ruby-2.4.1/gems/actionpack-5.0.3/lib/action_dispatch/middleware/templates/rescues/_source.html.erb
  Rendered /home/djtrin1ty/.rvm/gems/ruby-2.4.1/gems/actionpack-5.0.3/lib/action_dispatch/middleware/templates/rescues/_source.html.erb (2.5ms)
  Rendering /home/djtrin1ty/.rvm/gems/ruby-2.4.1/gems/actionpack-5.0.3/lib/action_dispatch/middleware/templates/rescues/_trace.html.erb
  Rendered /home/djtrin1ty/.rvm/gems/ruby-2.4.1/gems/actionpack-5.0.3/lib/action_dispatch/middleware/templates/rescues/_trace.html.erb (1.5ms)
  Rendering /home/djtrin1ty/.rvm/gems/ruby-2.4.1/gems/actionpack-5.0.3/lib/action_dispatch/middleware/templates/rescues/_request_and_response.html.erb
  Rendered /home/djtrin1ty/.rvm/gems/ruby-2.4.1/gems/actionpack-5.0.3/lib/action_dispatch/middleware/templates/rescues/_request_and_response.html.erb (0.8ms)
  Rendered /home/djtrin1ty/.rvm/gems/ruby-2.4.1/gems/actionpack-5.0.3/lib/action_dispatch/middleware/templates/rescues/diagnostics.html.erb within rescues/layout (21.4ms)
  [1m[35m (6.0ms)[0m  [1m[35mCREATE TABLE "schema_migrations" ("version" varchar NOT NULL PRIMARY KEY)[0m
  [1m[35m (5.8ms)[0m  [1m[35mCREATE TABLE "ar_internal_metadata" ("key" varchar NOT NULL PRIMARY KEY, "value" varchar, "created_at" datetime NOT NULL, "updated_at" datetime NOT NULL)[0m
  [1m[36mActiveRecord::SchemaMigration Load (0.1ms)[0m  [1m[34mSELECT "schema_migrations".* FROM "schema_migrations"[0m
Migrating to CreateUsers (20170718222632)
  [1m[35m (0.1ms)[0m  [1m[36mbegin transaction[0m
  [1m[35m (0.3ms)[0m  [1m[35mCREATE TABLE "users" ("id" INTEGER PRIMARY KEY AUTOINCREMENT NOT NULL, "name" varchar, "email" varchar, "created_at" datetime NOT NULL, "updated_at" datetime NOT NULL)[0m
  [1m[35mSQL (0.1ms)[0m  [1m[32mINSERT INTO "schema_migrations" ("version") VALUES (?)[0m  [["version", "20170718222632"]]
  [1m[35m (4.2ms)[0m  [1m[36mcommit transaction[0m
Migrating to AddIndexToUsersEmail (20170719192634)
  [1m[35m (0.1ms)[0m  [1m[36mbegin transaction[0m
  [1m[35m (0.1ms)[0m  [1m[34mselect sqlite_version(*)[0m
  [1m[35m (0.1ms)[0m  [1m[35mCREATE UNIQUE INDEX "index_users_on_email" ON "users" ("email")[0m
  [1m[35mSQL (0.1ms)[0m  [1m[32mINSERT INTO "schema_migrations" ("version") VALUES (?)[0m  [["version", "20170719192634"]]
  [1m[35m (4.1ms)[0m  [1m[36mcommit transaction[0m
Migrating to AddPasswordDigestToUsers (20170719210053)
  [1m[35m (0.1ms)[0m  [1m[36mbegin transaction[0m
  [1m[35m (0.3ms)[0m  [1m[35mALTER TABLE "users" ADD "password_digest" varchar[0m
  [1m[35mSQL (0.1ms)[0m  [1m[32mINSERT INTO "schema_migrations" ("version") VALUES (?)[0m  [["version", "20170719210053"]]
  [1m[35m (5.4ms)[0m  [1m[36mcommit transaction[0m
  [1m[36mActiveRecord::InternalMetadata Load (0.2ms)[0m  [1m[34mSELECT  "ar_internal_metadata".* FROM "ar_internal_metadata" WHERE "ar_internal_metadata"."key" = ? LIMIT ?[0m  [["key", "environment"], ["LIMIT", 1]]
  [1m[35m (0.1ms)[0m  [1m[36mbegin transaction[0m
  [1m[35mSQL (0.2ms)[0m  [1m[32mINSERT INTO "ar_internal_metadata" ("key", "value", "created_at", "updated_at") VALUES (?, ?, ?, ?)[0m  [["key", "environment"], ["value", "development"], ["created_at", "2017-07-26 07:07:27.597213"], ["updated_at", "2017-07-26 07:07:27.597213"]]
  [1m[35m (5.2ms)[0m  [1m[36mcommit transaction[0m
  [1m[36mActiveRecord::SchemaMigration Load (0.2ms)[0m  [1m[34mSELECT "schema_migrations".* FROM "schema_migrations"[0m
  [1m[35m (0.1ms)[0m  [1m[34m            SELECT sql
            FROM sqlite_master
            WHERE name='index_users_on_email' AND type='index'
            UNION ALL
            SELECT sql
            FROM sqlite_temp_master
            WHERE name='index_users_on_email' AND type='index'
[0m
Started GET "/" for 127.0.0.1 at 2017-07-26 00:13:47 -0700
  [1m[36mActiveRecord::SchemaMigration Load (0.1ms)[0m  [1m[34mSELECT "schema_migrations".* FROM "schema_migrations"[0m
Processing by StaticPagesController#home as HTML
  Rendering static_pages/home.html.erb within layouts/application
  Rendered static_pages/home.html.erb within layouts/application (1471.9ms)
  Rendered layouts/_shim.html.erb (0.3ms)
  Rendered layouts/_header.html.erb (0.6ms)
  Rendered layouts/_footer.html.erb (0.4ms)
Completed 200 OK in 1577ms (Views: 1568.5ms | ActiveRecord: 0.0ms)


Started GET "/" for 127.0.0.1 at 2017-07-26 00:30:48 -0700
  [1m[36mActiveRecord::SchemaMigration Load (0.1ms)[0m  [1m[34mSELECT "schema_migrations".* FROM "schema_migrations"[0m
Processing by StaticPagesController#home as HTML
  Rendering static_pages/home.html.erb within layouts/application
  Rendered static_pages/home.html.erb within layouts/application (166.2ms)
  Rendered layouts/_shim.html.erb (0.2ms)
  Rendered layouts/_header.html.erb (0.5ms)
  Rendered layouts/_footer.html.erb (0.5ms)
Completed 200 OK in 218ms (Views: 208.0ms | ActiveRecord: 0.0ms)


Started GET "/" for 127.0.0.1 at 2017-07-26 11:34:54 -0700
  [1m[36mActiveRecord::SchemaMigration Load (0.1ms)[0m  [1m[34mSELECT "schema_migrations".* FROM "schema_migrations"[0m
Processing by StaticPagesController#home as HTML
  Rendering static_pages/home.html.erb within layouts/application
  Rendered static_pages/home.html.erb within layouts/application (317.1ms)
  Rendered layouts/_shim.html.erb (0.3ms)
  Rendered layouts/_header.html.erb (0.5ms)
  Rendered layouts/_footer.html.erb (0.9ms)
Completed 200 OK in 426ms (Views: 415.6ms | ActiveRecord: 0.0ms)


Started GET "/signup" for 127.0.0.1 at 2017-07-26 11:34:57 -0700
Processing by UsersController#new as HTML
  Rendering users/new.html.erb within layouts/application
  Rendered shared/_error_messages.html.erb (0.5ms)
  Rendered users/new.html.erb within layouts/application (31.5ms)
  Rendered layouts/_shim.html.erb (0.2ms)
  Rendered layouts/_header.html.erb (0.5ms)
  Rendered layouts/_footer.html.erb (0.5ms)
Completed 200 OK in 125ms (Views: 103.8ms | ActiveRecord: 0.7ms)


Started GET "/signup" for 127.0.0.1 at 2017-07-26 11:35:26 -0700
Processing by UsersController#new as HTML
  Rendering users/new.html.erb within layouts/application
  Rendered shared/_error_messages.html.erb (1.0ms)
  Rendered users/new.html.erb within layouts/application (19.0ms)
  Rendered layouts/_shim.html.erb (0.4ms)
  Rendered layouts/_header.html.erb (0.7ms)
  Rendered layouts/_footer.html.erb (0.5ms)
Completed 200 OK in 75ms (Views: 59.7ms | ActiveRecord: 1.0ms)


Started GET "/signup" for 127.0.0.1 at 2017-07-26 11:35:29 -0700
Processing by UsersController#new as HTML
  Rendering users/new.html.erb within layouts/application
  Rendered shared/_error_messages.html.erb (0.8ms)
  Rendered users/new.html.erb within layouts/application (6.9ms)
  Rendered layouts/_shim.html.erb (0.4ms)
  Rendered layouts/_header.html.erb (0.8ms)
  Rendered layouts/_footer.html.erb (0.7ms)
Completed 200 OK in 59ms (Views: 56.1ms | ActiveRecord: 0.0ms)


Started GET "/" for 127.0.0.1 at 2017-07-26 11:35:35 -0700
Processing by StaticPagesController#home as HTML
  Rendering static_pages/home.html.erb within layouts/application
  Rendered static_pages/home.html.erb within layouts/application (7.1ms)
  Rendered layouts/_shim.html.erb (0.6ms)
  Rendered layouts/_header.html.erb (1.5ms)
  Rendered layouts/_footer.html.erb (0.5ms)
Completed 200 OK in 76ms (Views: 69.3ms | ActiveRecord: 0.0ms)


Started GET "/" for 127.0.0.1 at 2017-07-26 11:35:38 -0700
Processing by StaticPagesController#home as HTML
  Rendering static_pages/home.html.erb within layouts/application
  Rendered static_pages/home.html.erb within layouts/application (17.5ms)
  Rendered layouts/_shim.html.erb (0.4ms)
  Rendered layouts/_header.html.erb (0.7ms)
  Rendered layouts/_footer.html.erb (0.5ms)
Completed 200 OK in 123ms (Views: 118.2ms | ActiveRecord: 0.0ms)


Started GET "/" for 127.0.0.1 at 2017-07-26 11:35:39 -0700
Processing by StaticPagesController#home as HTML
  Rendering static_pages/home.html.erb within layouts/application
  Rendered static_pages/home.html.erb within layouts/application (15.1ms)
  Rendered layouts/_shim.html.erb (0.5ms)
  Rendered layouts/_header.html.erb (0.4ms)
  Rendered layouts/_footer.html.erb (0.4ms)
Completed 200 OK in 121ms (Views: 117.3ms | ActiveRecord: 0.0ms)


Started GET "/" for 127.0.0.1 at 2017-07-26 11:35:49 -0700
Processing by StaticPagesController#home as HTML
  Rendering static_pages/home.html.erb within layouts/application
  Rendered static_pages/home.html.erb within layouts/application (16.6ms)
  Rendered layouts/_shim.html.erb (0.3ms)
  Rendered layouts/_header.html.erb (0.7ms)
  Rendered layouts/_footer.html.erb (0.5ms)
Completed 200 OK in 104ms (Views: 98.9ms | ActiveRecord: 0.0ms)


Started GET "/" for 127.0.0.1 at 2017-07-26 11:41:38 -0700
Processing by StaticPagesController#home as HTML
  Rendering static_pages/home.html.erb within layouts/application
  Rendered static_pages/home.html.erb within layouts/application (5.6ms)
  Rendered layouts/_shim.html.erb (0.3ms)
  Rendered layouts/_header.html.erb (0.7ms)
  Rendered layouts/_footer.html.erb (0.8ms)
Completed 200 OK in 43ms (Views: 41.2ms | ActiveRecord: 0.0ms)


Started GET "/" for 127.0.0.1 at 2017-07-26 11:41:41 -0700
Processing by StaticPagesController#home as HTML
  Rendering static_pages/home.html.erb within layouts/application
  Rendered static_pages/home.html.erb within layouts/application (5.0ms)
  Rendered layouts/_shim.html.erb (0.3ms)
  Rendered layouts/_header.html.erb (0.5ms)
  Rendered layouts/_footer.html.erb (0.4ms)
Completed 200 OK in 48ms (Views: 45.2ms | ActiveRecord: 0.0ms)


Started GET "/" for 127.0.0.1 at 2017-07-26 11:44:25 -0700
Processing by StaticPagesController#home as HTML
  Rendering static_pages/home.html.erb within layouts/application
  Rendered static_pages/home.html.erb within layouts/application (2.3ms)
  Rendered layouts/_shim.html.erb (0.3ms)
  Rendered layouts/_header.html.erb (0.5ms)
  Rendered layouts/_footer.html.erb (0.4ms)
Completed 200 OK in 33ms (Views: 32.0ms | ActiveRecord: 0.0ms)


Started GET "/" for 127.0.0.1 at 2017-07-26 11:44:25 -0700
Processing by StaticPagesController#home as HTML
  Rendering static_pages/home.html.erb within layouts/application
  Rendered static_pages/home.html.erb within layouts/application (13.6ms)
  Rendered layouts/_shim.html.erb (0.7ms)
  Rendered layouts/_header.html.erb (0.5ms)
  Rendered layouts/_footer.html.erb (0.5ms)
Completed 200 OK in 132ms (Views: 127.0ms | ActiveRecord: 0.0ms)


Started GET "/" for 127.0.0.1 at 2017-07-26 11:44:29 -0700
Processing by StaticPagesController#home as HTML
  Rendering static_pages/home.html.erb within layouts/application
  Rendered static_pages/home.html.erb within layouts/application (13.1ms)
  Rendered layouts/_shim.html.erb (0.5ms)
  Rendered layouts/_header.html.erb (0.7ms)
  Rendered layouts/_footer.html.erb (0.6ms)
Completed 200 OK in 86ms (Views: 81.3ms | ActiveRecord: 0.0ms)


Started GET "/" for 127.0.0.1 at 2017-07-26 11:48:48 -0700
  [1m[36mActiveRecord::SchemaMigration Load (0.1ms)[0m  [1m[34mSELECT "schema_migrations".* FROM "schema_migrations"[0m
Processing by StaticPagesController#home as HTML
  Rendering static_pages/home.html.erb within layouts/application
  Rendered static_pages/home.html.erb within layouts/application (136.4ms)
  Rendered layouts/_shim.html.erb (0.2ms)
  Rendered layouts/_header.html.erb (0.4ms)
  Rendered layouts/_footer.html.erb (0.3ms)
Completed 200 OK in 184ms (Views: 174.6ms | ActiveRecord: 0.0ms)


Started GET "/" for 127.0.0.1 at 2017-07-26 11:48:51 -0700
Processing by StaticPagesController#home as HTML
  Rendering static_pages/home.html.erb within layouts/application
  Rendered static_pages/home.html.erb within layouts/application (3.2ms)
  Rendered layouts/_shim.html.erb (0.2ms)
  Rendered layouts/_header.html.erb (0.6ms)
  Rendered layouts/_footer.html.erb (0.3ms)
Completed 200 OK in 32ms (Views: 30.9ms | ActiveRecord: 0.0ms)


Started GET "/" for 127.0.0.1 at 2017-07-26 11:48:55 -0700
Processing by StaticPagesController#home as HTML
  Rendering static_pages/home.html.erb within layouts/application
  Rendered static_pages/home.html.erb within layouts/application (10.3ms)
  Rendered layouts/_shim.html.erb (0.2ms)
  Rendered layouts/_header.html.erb (0.4ms)
  Rendered layouts/_footer.html.erb (0.3ms)
Completed 200 OK in 52ms (Views: 47.6ms | ActiveRecord: 0.0ms)


Started GET "/" for 127.0.0.1 at 2017-07-26 11:48:56 -0700
Processing by StaticPagesController#home as HTML
  Rendering static_pages/home.html.erb within layouts/application
  Rendered static_pages/home.html.erb within layouts/application (12.0ms)
  Rendered layouts/_shim.html.erb (0.3ms)
  Rendered layouts/_header.html.erb (0.5ms)
  Rendered layouts/_footer.html.erb (0.3ms)
Completed 200 OK in 60ms (Views: 55.6ms | ActiveRecord: 0.0ms)


Started GET "/" for 127.0.0.1 at 2017-07-26 11:48:57 -0700
Processing by StaticPagesController#home as HTML
  Rendering static_pages/home.html.erb within layouts/application
  Rendered static_pages/home.html.erb within layouts/application (12.5ms)
  Rendered layouts/_shim.html.erb (0.3ms)
  Rendered layouts/_header.html.erb (0.5ms)
  Rendered layouts/_footer.html.erb (0.4ms)
Completed 200 OK in 76ms (Views: 72.0ms | ActiveRecord: 0.0ms)


Started GET "/" for 127.0.0.1 at 2017-07-26 11:49:51 -0700
  [1m[36mActiveRecord::SchemaMigration Load (0.1ms)[0m  [1m[34mSELECT "schema_migrations".* FROM "schema_migrations"[0m
Processing by StaticPagesController#home as HTML
  Rendering static_pages/home.html.erb within layouts/application
  Rendered static_pages/home.html.erb within layouts/application (150.3ms)
  Rendered layouts/_shim.html.erb (0.2ms)
  Rendered layouts/_header.html.erb (0.4ms)
  Rendered layouts/_footer.html.erb (0.3ms)
Completed 200 OK in 201ms (Views: 191.0ms | ActiveRecord: 0.0ms)


Started GET "/" for 127.0.0.1 at 2017-07-26 11:49:53 -0700
Processing by StaticPagesController#home as HTML
  Rendering static_pages/home.html.erb within layouts/application
  Rendered static_pages/home.html.erb within layouts/application (3.7ms)
  Rendered layouts/_shim.html.erb (0.2ms)
  Rendered layouts/_header.html.erb (0.6ms)
  Rendered layouts/_footer.html.erb (0.3ms)
Completed 200 OK in 35ms (Views: 32.6ms | ActiveRecord: 0.0ms)


Started GET "/" for 127.0.0.1 at 2017-07-26 11:49:56 -0700
Processing by StaticPagesController#home as HTML
  Rendering static_pages/home.html.erb within layouts/application
  Rendered static_pages/home.html.erb within layouts/application (6.2ms)
  Rendered layouts/_shim.html.erb (0.2ms)
  Rendered layouts/_header.html.erb (0.4ms)
  Rendered layouts/_footer.html.erb (0.3ms)
Completed 200 OK in 46ms (Views: 42.0ms | ActiveRecord: 0.0ms)


Started GET "/" for 127.0.0.1 at 2017-07-26 11:50:00 -0700
Processing by StaticPagesController#home as HTML
  Rendering static_pages/home.html.erb within layouts/application
  Rendered static_pages/home.html.erb within layouts/application (7.7ms)
  Rendered layouts/_shim.html.erb (0.3ms)
  Rendered layouts/_header.html.erb (0.4ms)
  Rendered layouts/_footer.html.erb (0.3ms)
Completed 200 OK in 55ms (Views: 50.1ms | ActiveRecord: 0.0ms)


Started GET "/" for 127.0.0.1 at 2017-07-26 11:56:46 -0700
  [1m[36mActiveRecord::SchemaMigration Load (0.1ms)[0m  [1m[34mSELECT "schema_migrations".* FROM "schema_migrations"[0m
Processing by StaticPagesController#home as HTML
  Rendering static_pages/home.html.erb within layouts/application
  Rendered static_pages/home.html.erb within layouts/application (157.8ms)
  Rendered layouts/_shim.html.erb (0.3ms)
  Rendered layouts/_header.html.erb (0.7ms)
  Rendered layouts/_footer.html.erb (0.4ms)
Completed 200 OK in 214ms (Views: 203.6ms | ActiveRecord: 0.0ms)


Started GET "/login" for 127.0.0.1 at 2017-07-26 11:56:51 -0700
Processing by SessionsController#new as HTML
  Rendering sessions/new.html.erb within layouts/application
  Rendered sessions/new.html.erb within layouts/application (11.3ms)
  Rendered layouts/_shim.html.erb (0.2ms)
  Rendered layouts/_header.html.erb (0.7ms)
  Rendered layouts/_footer.html.erb (0.5ms)
Completed 200 OK in 48ms (Views: 47.0ms | ActiveRecord: 0.0ms)


Started POST "/login" for 127.0.0.1 at 2017-07-26 11:57:12 -0700
Processing by SessionsController#create as HTML
  Parameters: {"utf8"=>"✓", "authenticity_token"=>"I0k+efpdWvCeHF3eOt5jteoIKw7c+feIVCH5Ia/sUTklq6fld8urbwKalgslPj0RsxmERGtsn/d8dtMpcS0VWA==", "session"=>{"email"=>"wef@wef.com", "password"=>"[FILTERED]"}, "commit"=>"Log in"}
  [1m[36mUser Load (0.2ms)[0m  [1m[34mSELECT  "users".* FROM "users" WHERE "users"."email" = ? LIMIT ?[0m  [["email", "wef@wef.com"], ["LIMIT", 1]]
  Rendering sessions/new.html.erb within layouts/application
  Rendered sessions/new.html.erb within layouts/application (2.0ms)
  Rendered layouts/_shim.html.erb (0.3ms)
  Rendered layouts/_header.html.erb (0.7ms)
  Rendered layouts/_footer.html.erb (0.5ms)
Completed 200 OK in 55ms (Views: 43.7ms | ActiveRecord: 0.6ms)


Started GET "/" for 127.0.0.1 at 2017-07-26 11:57:15 -0700
Processing by StaticPagesController#home as HTML
  Rendering static_pages/home.html.erb within layouts/application
  Rendered static_pages/home.html.erb within layouts/application (3.7ms)
  Rendered layouts/_shim.html.erb (0.3ms)
  Rendered layouts/_header.html.erb (0.6ms)
  Rendered layouts/_footer.html.erb (0.6ms)
Completed 200 OK in 46ms (Views: 43.7ms | ActiveRecord: 0.0ms)


Started GET "/" for 127.0.0.1 at 2017-07-26 11:57:18 -0700
Processing by StaticPagesController#home as HTML
  Rendering static_pages/home.html.erb within layouts/application
  Rendered static_pages/home.html.erb within layouts/application (7.0ms)
  Rendered layouts/_shim.html.erb (0.2ms)
  Rendered layouts/_header.html.erb (0.5ms)
  Rendered layouts/_footer.html.erb (0.5ms)
Completed 200 OK in 67ms (Views: 62.9ms | ActiveRecord: 0.0ms)


  [1m[36mUser Load (0.1ms)[0m  [1m[34mSELECT  "users".* FROM "users" ORDER BY "users"."id" ASC LIMIT ?[0m  [["LIMIT", 1]]
  [1m[36mUser Load (0.7ms)[0m  [1m[34mSELECT "users".* FROM "users"[0m
  [1m[35m (0.1ms)[0m  [1m[36mbegin transaction[0m
  [1m[36mUser Exists (0.1ms)[0m  [1m[34mSELECT  1 AS one FROM "users" WHERE LOWER("users"."email") = LOWER(?) LIMIT ?[0m  [["email", "abrahamjum@gmail.com"], ["LIMIT", 1]]
  [1m[35m (0.1ms)[0m  [1m[31mrollback transaction[0m
  [1m[35m (0.1ms)[0m  [1m[36mbegin transaction[0m
  [1m[36mUser Exists (0.1ms)[0m  [1m[34mSELECT  1 AS one FROM "users" WHERE LOWER("users"."email") = LOWER(?) LIMIT ?[0m  [["email", "abrahamjum@gmail.com"], ["LIMIT", 1]]
  [1m[35m (0.1ms)[0m  [1m[31mrollback transaction[0m
  [1m[35m (0.2ms)[0m  [1m[36mbegin transaction[0m
  [1m[36mUser Exists (0.6ms)[0m  [1m[34mSELECT  1 AS one FROM "users" WHERE LOWER("users"."email") = LOWER(?) LIMIT ?[0m  [["email", "abrahamjum@gmail.com"], ["LIMIT", 1]]
  [1m[35m (0.3ms)[0m  [1m[31mrollback transaction[0m
  [1m[36mUser Load (0.1ms)[0m  [1m[34mSELECT  "users".* FROM "users" ORDER BY "users"."id" ASC LIMIT ?[0m  [["LIMIT", 1]]
  [1m[36mUser Load (0.2ms)[0m  [1m[34mSELECT "users".* FROM "users"[0m
Started GET "/" for 127.0.0.1 at 2017-07-26 14:18:39 -0700
  [1m[36mActiveRecord::SchemaMigration Load (0.1ms)[0m  [1m[34mSELECT "schema_migrations".* FROM "schema_migrations"[0m
Processing by StaticPagesController#home as HTML
  Rendering static_pages/home.html.erb within layouts/application
  Rendered static_pages/home.html.erb within layouts/application (244.1ms)
  Rendered layouts/_shim.html.erb (0.2ms)
  [1m[36mUser Load (0.2ms)[0m  [1m[34mSELECT  "users".* FROM "users" WHERE "users"."id" IS NULL LIMIT ?[0m  [["LIMIT", 1]]
  Rendered layouts/_header.html.erb (5.8ms)
  Rendered layouts/_footer.html.erb (0.6ms)
Completed 200 OK in 351ms (Views: 341.7ms | ActiveRecord: 0.5ms)


Started GET "/" for 127.0.0.1 at 2017-07-26 14:18:40 -0700
Processing by StaticPagesController#home as HTML
  Rendering static_pages/home.html.erb within layouts/application
  Rendered static_pages/home.html.erb within layouts/application (3.4ms)
  Rendered layouts/_shim.html.erb (0.3ms)
  [1m[36mUser Load (0.2ms)[0m  [1m[34mSELECT  "users".* FROM "users" WHERE "users"."id" IS NULL LIMIT ?[0m  [["LIMIT", 1]]
  Rendered layouts/_header.html.erb (2.5ms)
  Rendered layouts/_footer.html.erb (0.5ms)
Completed 200 OK in 55ms (Views: 53.3ms | ActiveRecord: 0.2ms)


Started GET "/login" for 127.0.0.1 at 2017-07-26 14:18:43 -0700
Processing by SessionsController#new as HTML
  Rendering sessions/new.html.erb within layouts/application
  Rendered sessions/new.html.erb within layouts/application (16.2ms)
  Rendered layouts/_shim.html.erb (0.3ms)
  [1m[36mUser Load (0.2ms)[0m  [1m[34mSELECT  "users".* FROM "users" WHERE "users"."id" IS NULL LIMIT ?[0m  [["LIMIT", 1]]
  Rendered layouts/_header.html.erb (4.8ms)
  Rendered layouts/_footer.html.erb (0.4ms)
Completed 200 OK in 132ms (Views: 112.5ms | ActiveRecord: 0.4ms)


  [1m[35m (0.1ms)[0m  [1m[36mbegin transaction[0m
  [1m[36mUser Exists (0.1ms)[0m  [1m[34mSELECT  1 AS one FROM "users" WHERE LOWER("users"."email") = LOWER(?) LIMIT ?[0m  [["email", "abrahamjum@gmail.com"], ["LIMIT", 1]]
  [1m[35mSQL (0.2ms)[0m  [1m[32mINSERT INTO "users" ("name", "email", "created_at", "updated_at", "password_digest") VALUES (?, ?, ?, ?, ?)[0m  [["name", "abraham"], ["email", "abrahamjum@gmail.com"], ["created_at", "2017-07-26 21:19:10.211476"], ["updated_at", "2017-07-26 21:19:10.211476"], ["password_digest", "$2a$10$2RPIKq9Z9XN.wCiwe4FxBeP3U0I3k1a.dgoWyksrWrj7eJbXRyGgi"]]
  [1m[35m (3.3ms)[0m  [1m[36mcommit transaction[0m
  [1m[35m (0.2ms)[0m  [1m[36mbegin transaction[0m
  [1m[36mUser Exists (0.7ms)[0m  [1m[34mSELECT  1 AS one FROM "users" WHERE LOWER("users"."email") = LOWER(?) AND ("users"."id" != ?) LIMIT ?[0m  [["email", "abrahamjum@gmail.com"], ["id", 1], ["LIMIT", 1]]
  [1m[35m (0.2ms)[0m  [1m[36mcommit transaction[0m
  [1m[36mUser Load (0.4ms)[0m  [1m[34mSELECT  "users".* FROM "users" ORDER BY "users"."id" ASC LIMIT ?[0m  [["LIMIT", 1]]
  [1m[36mUser Load (0.4ms)[0m  [1m[34mSELECT "users".* FROM "users"[0m
Started POST "/login" for 127.0.0.1 at 2017-07-26 14:19:31 -0700
Processing by SessionsController#create as HTML
  Parameters: {"utf8"=>"✓", "authenticity_token"=>"tcBVqkQP+Vxzi8mpuHGz/SooetpmzhtjxG+hjhKFf7KzIsw2yZkIw+8NAnynke1ZcznVkNFbcxzsOIuGzEQ70w==", "session"=>{"email"=>"abrahamjum@gmail.com", "password"=>"[FILTERED]"}, "commit"=>"Log in"}
  [1m[36mUser Load (0.4ms)[0m  [1m[34mSELECT  "users".* FROM "users" WHERE "users"."email" = ? LIMIT ?[0m  [["email", "abrahamjum@gmail.com"], ["LIMIT", 1]]
Redirected to http://0.0.0.0:3000/users/1
Completed 302 Found in 93ms (ActiveRecord: 1.0ms)


Started GET "/users/1" for 127.0.0.1 at 2017-07-26 14:19:31 -0700
Processing by UsersController#show as HTML
  Parameters: {"id"=>"1"}
  [1m[36mUser Load (0.1ms)[0m  [1m[34mSELECT  "users".* FROM "users" WHERE "users"."id" = ? LIMIT ?[0m  [["id", 1], ["LIMIT", 1]]
  Rendering users/show.html.erb within layouts/application
  Rendered users/show.html.erb within layouts/application (0.9ms)
  Rendered layouts/_shim.html.erb (0.4ms)
  [1m[36mUser Load (0.1ms)[0m  [1m[34mSELECT  "users".* FROM "users" WHERE "users"."id" = ? LIMIT ?[0m  [["id", 1], ["LIMIT", 1]]
  Rendered layouts/_header.html.erb (2.5ms)
  Rendered layouts/_footer.html.erb (0.4ms)
Completed 200 OK in 35ms (Views: 31.4ms | ActiveRecord: 0.2ms)


Started GET "/users/1" for 127.0.0.1 at 2017-07-26 14:19:37 -0700
Processing by UsersController#show as HTML
  Parameters: {"id"=>"1"}
  [1m[36mUser Load (0.4ms)[0m  [1m[34mSELECT  "users".* FROM "users" WHERE "users"."id" = ? LIMIT ?[0m  [["id", 1], ["LIMIT", 1]]
  Rendering users/show.html.erb within layouts/application
  Rendered users/show.html.erb within layouts/application (1.8ms)
  Rendered layouts/_shim.html.erb (0.4ms)
  [1m[36mUser Load (0.1ms)[0m  [1m[34mSELECT  "users".* FROM "users" WHERE "users"."id" = ? LIMIT ?[0m  [["id", 1], ["LIMIT", 1]]
  Rendered layouts/_header.html.erb (1.3ms)
  Rendered layouts/_footer.html.erb (0.4ms)
Completed 200 OK in 50ms (Views: 42.2ms | ActiveRecord: 0.5ms)


Started GET "/" for 127.0.0.1 at 2017-07-26 14:20:28 -0700
Processing by StaticPagesController#home as HTML
  Rendering static_pages/home.html.erb within layouts/application
  Rendered static_pages/home.html.erb within layouts/application (3.3ms)
  Rendered layouts/_shim.html.erb (0.3ms)
  [1m[36mUser Load (0.2ms)[0m  [1m[34mSELECT  "users".* FROM "users" WHERE "users"."id" = ? LIMIT ?[0m  [["id", 1], ["LIMIT", 1]]
  Rendered layouts/_header.html.erb (7.6ms)
  Rendered layouts/_footer.html.erb (0.4ms)
Completed 200 OK in 49ms (Views: 47.4ms | ActiveRecord: 0.6ms)


Started DELETE "/logout" for 127.0.0.1 at 2017-07-26 14:20:33 -0700
Processing by SessionsController#destroy as HTML
  Parameters: {"authenticity_token"=>"PAkiFPI7YmC8B089ivTBuywvKqvldKNdqcjktbwPBmk667uIf62T/yCBhOiVFJ8fdT6F4VLhyyKBn869Ys5CCA=="}
No template found for SessionsController#destroy, rendering head :no_content
Completed 204 No Content in 10ms (ActiveRecord: 0.0ms)


Started DELETE "/logout" for 127.0.0.1 at 2017-07-26 14:20:35 -0700
Processing by SessionsController#destroy as HTML
  Parameters: {"authenticity_token"=>"PAkiFPI7YmC8B089ivTBuywvKqvldKNdqcjktbwPBmk667uIf62T/yCBhOiVFJ8fdT6F4VLhyyKBn869Ys5CCA=="}
No template found for SessionsController#destroy, rendering head :no_content
Completed 204 No Content in 19ms (ActiveRecord: 0.0ms)


Started DELETE "/logout" for 127.0.0.1 at 2017-07-26 14:20:37 -0700
Processing by SessionsController#destroy as HTML
  Parameters: {"authenticity_token"=>"PAkiFPI7YmC8B089ivTBuywvKqvldKNdqcjktbwPBmk667uIf62T/yCBhOiVFJ8fdT6F4VLhyyKBn869Ys5CCA=="}
No template found for SessionsController#destroy, rendering head :no_content
Completed 204 No Content in 16ms (ActiveRecord: 0.0ms)


Started DELETE "/logout" for 127.0.0.1 at 2017-07-26 14:20:37 -0700
Processing by SessionsController#destroy as HTML
  Parameters: {"authenticity_token"=>"PAkiFPI7YmC8B089ivTBuywvKqvldKNdqcjktbwPBmk667uIf62T/yCBhOiVFJ8fdT6F4VLhyyKBn869Ys5CCA=="}
No template found for SessionsController#destroy, rendering head :no_content
Completed 204 No Content in 27ms (ActiveRecord: 0.0ms)


Started GET "/" for 127.0.0.1 at 2017-07-26 14:20:39 -0700
Processing by StaticPagesController#home as HTML
  Rendering static_pages/home.html.erb within layouts/application
  Rendered static_pages/home.html.erb within layouts/application (14.7ms)
  Rendered layouts/_shim.html.erb (0.4ms)
  [1m[36mUser Load (0.1ms)[0m  [1m[34mSELECT  "users".* FROM "users" WHERE "users"."id" = ? LIMIT ?[0m  [["id", 1], ["LIMIT", 1]]
  Rendered layouts/_header.html.erb (1.7ms)
  Rendered layouts/_footer.html.erb (0.4ms)
Completed 200 OK in 103ms (Views: 97.8ms | ActiveRecord: 0.1ms)


Started GET "/login" for 127.0.0.1 at 2017-07-26 14:20:43 -0700
Processing by SessionsController#new as HTML
  Rendering sessions/new.html.erb within layouts/application
  Rendered sessions/new.html.erb within layouts/application (18.3ms)
  Rendered layouts/_shim.html.erb (0.2ms)
  [1m[36mUser Load (0.1ms)[0m  [1m[34mSELECT  "users".* FROM "users" WHERE "users"."id" = ? LIMIT ?[0m  [["id", 1], ["LIMIT", 1]]
  Rendered layouts/_header.html.erb (1.8ms)
  Rendered layouts/_footer.html.erb (0.9ms)
Completed 200 OK in 65ms (Views: 63.0ms | ActiveRecord: 0.1ms)


Started GET "/" for 127.0.0.1 at 2017-07-26 15:14:36 -0700
  [1m[36mActiveRecord::SchemaMigration Load (0.1ms)[0m  [1m[34mSELECT "schema_migrations".* FROM "schema_migrations"[0m
Processing by StaticPagesController#home as HTML
  Rendering static_pages/home.html.erb within layouts/application
  Rendered static_pages/home.html.erb within layouts/application (180.8ms)
  Rendered layouts/_shim.html.erb (0.4ms)
  [1m[36mUser Load (0.2ms)[0m  [1m[34mSELECT  "users".* FROM "users" WHERE "users"."id" = ? LIMIT ?[0m  [["id", 1], ["LIMIT", 1]]
  Rendered layouts/_header.html.erb (15.2ms)
  Rendered layouts/_footer.html.erb (0.6ms)
Completed 200 OK in 265ms (Views: 254.3ms | ActiveRecord: 0.9ms)


Started DELETE "/logout" for 127.0.0.1 at 2017-07-26 15:14:42 -0700
Processing by SessionsController#destroy as HTML
  Parameters: {"authenticity_token"=>"bN1JQLbPwnNB2AnsDDAngqNdwm/091MJYyqNsMz9uiBqP9DcO1kz7N1ewjkT0Hkm+kxtJUNiO3ZLfae4Ejz+QQ=="}
Redirected to http://0.0.0.0:3000/
Completed 302 Found in 4ms (ActiveRecord: 0.0ms)


Started GET "/" for 127.0.0.1 at 2017-07-26 15:14:42 -0700
Processing by StaticPagesController#home as HTML
  Rendering static_pages/home.html.erb within layouts/application
  Rendered static_pages/home.html.erb within layouts/application (7.0ms)
  Rendered layouts/_shim.html.erb (0.3ms)
  [1m[36mUser Load (0.2ms)[0m  [1m[34mSELECT  "users".* FROM "users" WHERE "users"."id" IS NULL LIMIT ?[0m  [["LIMIT", 1]]
  Rendered layouts/_header.html.erb (1.8ms)
  Rendered layouts/_footer.html.erb (0.5ms)
Completed 200 OK in 69ms (Views: 65.7ms | ActiveRecord: 0.2ms)


Started GET "/" for 127.0.0.1 at 2017-07-26 15:14:43 -0700
Processing by StaticPagesController#home as HTML
  Rendering static_pages/home.html.erb within layouts/application
  Rendered static_pages/home.html.erb within layouts/application (11.8ms)
  Rendered layouts/_shim.html.erb (0.4ms)
  [1m[36mUser Load (0.6ms)[0m  [1m[34mSELECT  "users".* FROM "users" WHERE "users"."id" IS NULL LIMIT ?[0m  [["LIMIT", 1]]
  Rendered layouts/_header.html.erb (3.3ms)
  Rendered layouts/_footer.html.erb (0.5ms)
Completed 200 OK in 97ms (Views: 92.2ms | ActiveRecord: 0.6ms)


Started GET "/login" for 127.0.0.1 at 2017-07-26 15:14:44 -0700
Processing by SessionsController#new as HTML
  Rendering sessions/new.html.erb within layouts/application
  Rendered sessions/new.html.erb within layouts/application (57.5ms)
  Rendered layouts/_shim.html.erb (0.4ms)
  [1m[36mUser Load (0.3ms)[0m  [1m[34mSELECT  "users".* FROM "users" WHERE "users"."id" IS NULL LIMIT ?[0m  [["LIMIT", 1]]
  Rendered layouts/_header.html.erb (2.4ms)
  Rendered layouts/_footer.html.erb (0.6ms)
Completed 200 OK in 136ms (Views: 130.6ms | ActiveRecord: 0.3ms)


Started GET "/" for 127.0.0.1 at 2017-07-26 15:14:49 -0700
Processing by StaticPagesController#home as HTML
  Rendering static_pages/home.html.erb within layouts/application
  Rendered static_pages/home.html.erb within layouts/application (10.8ms)
  Rendered layouts/_shim.html.erb (1.1ms)
  [1m[36mUser Load (0.2ms)[0m  [1m[34mSELECT  "users".* FROM "users" WHERE "users"."id" IS NULL LIMIT ?[0m  [["LIMIT", 1]]
  Rendered layouts/_header.html.erb (2.3ms)
  Rendered layouts/_footer.html.erb (0.5ms)
Completed 200 OK in 82ms (Views: 76.8ms | ActiveRecord: 0.2ms)


  [1m[36mActiveRecord::SchemaMigration Load (0.1ms)[0m  [1m[34mSELECT "schema_migrations".* FROM "schema_migrations"[0m
Migrating to AddRememberDigestToUsers (20170726230141)
  [1m[35m (0.1ms)[0m  [1m[36mbegin transaction[0m
  [1m[35m (0.3ms)[0m  [1m[35mALTER TABLE "users" ADD "remember_digest" varchar[0m
  [1m[35mSQL (0.1ms)[0m  [1m[32mINSERT INTO "schema_migrations" ("version") VALUES (?)[0m  [["version", "20170726230141"]]
  [1m[35m (5.7ms)[0m  [1m[36mcommit transaction[0m
  [1m[36mActiveRecord::InternalMetadata Load (0.1ms)[0m  [1m[34mSELECT  "ar_internal_metadata".* FROM "ar_internal_metadata" WHERE "ar_internal_metadata"."key" = ? LIMIT ?[0m  [["key", "environment"], ["LIMIT", 1]]
  [1m[35m (0.1ms)[0m  [1m[36mbegin transaction[0m
  [1m[35m (0.0ms)[0m  [1m[36mcommit transaction[0m
  [1m[36mActiveRecord::SchemaMigration Load (0.1ms)[0m  [1m[34mSELECT "schema_migrations".* FROM "schema_migrations"[0m
  [1m[35m (0.1ms)[0m  [1m[34m            SELECT sql
            FROM sqlite_master
            WHERE name='index_users_on_email' AND type='index'
            UNION ALL
            SELECT sql
            FROM sqlite_temp_master
            WHERE name='index_users_on_email' AND type='index'
[0m
Started GET "/" for 127.0.0.1 at 2017-07-27 00:46:25 -0700
  [1m[36mActiveRecord::SchemaMigration Load (0.1ms)[0m  [1m[34mSELECT "schema_migrations".* FROM "schema_migrations"[0m
Processing by StaticPagesController#home as HTML
  Rendering static_pages/home.html.erb within layouts/application
  Rendered static_pages/home.html.erb within layouts/application (1305.6ms)
  Rendered layouts/_shim.html.erb (0.3ms)
  Rendered layouts/_header.html.erb (4.9ms)
  Rendered layouts/_footer.html.erb (0.5ms)
Completed 200 OK in 1388ms (Views: 1379.8ms | ActiveRecord: 0.0ms)


Started GET "/login" for 127.0.0.1 at 2017-07-27 00:46:28 -0700
Processing by SessionsController#new as HTML
  Rendering sessions/new.html.erb within layouts/application
  Rendered sessions/new.html.erb within layouts/application (21.3ms)
  Rendered layouts/_shim.html.erb (0.2ms)
  Rendered layouts/_header.html.erb (1.0ms)
  Rendered layouts/_footer.html.erb (0.6ms)
Completed 200 OK in 87ms (Views: 84.7ms | ActiveRecord: 0.0ms)


